Base path: /Applications/Unity/Hub/Editor/2019.1.14f1/Unity.app/Contents
Cmd: initializeCompiler
Cmd: translateComputeKernel
  api=14 insize=1853 outsize=3065 ok=1
Cmd: translateComputeKernel
  api=14 insize=1373 outsize=1541 ok=1
Cmd: translateComputeKernel
  api=14 insize=48193 outsize=84761 ok=1
Cmd: compileComputeKernel
  api=14 insize=5188 outsize=5141 ok=1
Cmd: translateComputeKernel
  api=14 insize=11209 outsize=18561 ok=1
Cmd: compileComputeKernel
  api=14 insize=9421 outsize=9621 ok=1
Cmd: translateComputeKernel
  api=14 insize=9621 outsize=16449 ok=1
Cmd: translateComputeKernel
  api=14 insize=9705 outsize=16613 ok=1
Cmd: translateComputeKernel
  api=14 insize=7001 outsize=13529 ok=1
Cmd: compileComputeKernel
  api=14 insize=2953 outsize=793 ok=1
Cmd: translateComputeKernel
  api=14 insize=1725 outsize=2737 ok=1
Cmd: compileComputeKernel
  api=14 insize=1505 outsize=1193 ok=1
